<?xml version="1.0" encoding="utf-8" standalone="no"?>
<test-results xmlns:xsi="http://www.w3.org/2001/XMLSchema-instance" xsi:noNamespaceSchemaLocation="nunit_schema_2.5.xsd" name="Pester" total="538" errors="0" failures="0" not-run="19" inconclusive="0" ignored="0" skipped="4" invalid="0" date="2025-09-19" time="20:40:31">
  <environment machine-name="KA-D3ZVMD3-3" user="kent.sapp" os-version="10.0.22631" user-domain="DATTO" platform="Microsoft Windows 11 Enterprise|C:\WINDOWS|\Device\Harddisk0\Partition3" nunit-version="2.5.8.0" cwd="C:\Users\christopher.sapp\OneDrive - Kaseya\Documents\GitHub\Datto-PowerShellWrapper" clr-version="9.0.8" />
  <culture-info current-culture="en-US" current-uiculture="en-US" />
  <test-suite type="TestFixture" name="Pester" executed="True" result="Ignored" success="True" time="30.5478" asserts="0" description="Pester">
    <results>
      <test-suite type="TestFixture" name="C:\Users\christopher.sapp\OneDrive - Kaseya\Documents\GitHub\Datto-PowerShellWrapper\tests\DattoAPI.Tests.ps1" executed="True" result="Success" success="True" time="1.1827" asserts="0" description="C:\Users\christopher.sapp\OneDrive - Kaseya\Documents\GitHub\Datto-PowerShellWrapper\tests\DattoAPI.Tests.ps1">
        <results>
          <test-suite type="TestFixture" name="Testing the [ built ] version of [ DattoAPI ] with [ DattoAPI.Tests.ps1 ]" executed="True" result="Success" success="True" time="0.2322" asserts="0" description="Testing the [ built ] version of [ DattoAPI ] with [ DattoAPI.Tests.ps1 ]">
            <results>
              <test-suite type="TestFixture" name="Testing the [ built ] version of [ DattoAPI ] with [ DattoAPI.Tests.ps1 ].[ DattoAPI.psd1 ] general manifest data" executed="True" result="Success" success="True" time="0.0631" asserts="0" description="Testing the [ built ] version of [ DattoAPI ] with [ DattoAPI.Tests.ps1 ].[ DattoAPI.psd1 ] general manifest data">
                <results>
                  <test-case description="Manifest [ RootModule ] has valid data" name="Testing the [ built ] version of [ DattoAPI ] with [ DattoAPI.Tests.ps1 ].[ DattoAPI.psd1 ] general manifest data.Manifest [ RootModule ] has valid data" time="0.0029" asserts="0" success="True" result="Success" executed="True" />
                  <test-case description="Manifest [ ModuleVersion ] has valid data" name="Testing the [ built ] version of [ DattoAPI ] with [ DattoAPI.Tests.ps1 ].[ DattoAPI.psd1 ] general manifest data.Manifest [ ModuleVersion ] has valid data" time="0.0022" asserts="0" success="True" result="Success" executed="True" />
                  <test-case description="Manifest [ GUID ] has valid data" name="Testing the [ built ] version of [ DattoAPI ] with [ DattoAPI.Tests.ps1 ].[ DattoAPI.psd1 ] general manifest data.Manifest [ GUID ] has valid data" time="0.0039" asserts="0" success="True" result="Success" executed="True" />
                  <test-case description="Manifest [ Author ] has valid data" name="Testing the [ built ] version of [ DattoAPI ] with [ DattoAPI.Tests.ps1 ].[ DattoAPI.psd1 ] general manifest data.Manifest [ Author ] has valid data" time="0.0107" asserts="0" success="True" result="Success" executed="True" />
                  <test-case description="Manifest [ CompanyName ] has valid data" name="Testing the [ built ] version of [ DattoAPI ] with [ DattoAPI.Tests.ps1 ].[ DattoAPI.psd1 ] general manifest data.Manifest [ CompanyName ] has valid data" time="0.0022" asserts="0" success="True" result="Success" executed="True" />
                  <test-case description="Manifest [ Copyright ] has valid data" name="Testing the [ built ] version of [ DattoAPI ] with [ DattoAPI.Tests.ps1 ].[ DattoAPI.psd1 ] general manifest data.Manifest [ Copyright ] has valid data" time="0.0018" asserts="0" success="True" result="Success" executed="True" />
                  <test-case description="Manifest [ Description ] is not empty" name="Testing the [ built ] version of [ DattoAPI ] with [ DattoAPI.Tests.ps1 ].[ DattoAPI.psd1 ] general manifest data.Manifest [ Description ] is not empty" time="0.0023" asserts="0" success="True" result="Success" executed="True" />
                  <test-case description="Manifest [ PowerShellVersion ] has valid data" name="Testing the [ built ] version of [ DattoAPI ] with [ DattoAPI.Tests.ps1 ].[ DattoAPI.psd1 ] general manifest data.Manifest [ PowerShellVersion ] has valid data" time="0.0014" asserts="0" success="True" result="Success" executed="True" />
                  <test-case description="Manifest [ NestedModules ] has valid data" name="Testing the [ built ] version of [ DattoAPI ] with [ DattoAPI.Tests.ps1 ].[ DattoAPI.psd1 ] general manifest data.Manifest [ NestedModules ] has valid data" time="0.0025" asserts="0" success="True" result="Success" executed="True" />
                  <test-case description="Manifest [ FunctionsToExport ] has valid data" name="Testing the [ built ] version of [ DattoAPI ] with [ DattoAPI.Tests.ps1 ].[ DattoAPI.psd1 ] general manifest data.Manifest [ FunctionsToExport ] has valid data" time="0.0015" asserts="0" success="True" result="Success" executed="True" />
                  <test-case description="Manifest [ CmdletsToExport ] is empty" name="Testing the [ built ] version of [ DattoAPI ] with [ DattoAPI.Tests.ps1 ].[ DattoAPI.psd1 ] general manifest data.Manifest [ CmdletsToExport ] is empty" time="0.0024" asserts="0" success="True" result="Success" executed="True" />
                  <test-case description="Manifest [ VariablesToExport ] is empty" name="Testing the [ built ] version of [ DattoAPI ] with [ DattoAPI.Tests.ps1 ].[ DattoAPI.psd1 ] general manifest data.Manifest [ VariablesToExport ] is empty" time="0.0016" asserts="0" success="True" result="Success" executed="True" />
                  <test-case description="Manifest [ AliasesToExport ] has alias" name="Testing the [ built ] version of [ DattoAPI ] with [ DattoAPI.Tests.ps1 ].[ DattoAPI.psd1 ] general manifest data.Manifest [ AliasesToExport ] has alias" time="0.0016" asserts="0" success="True" result="Success" executed="True" />
                  <test-case description="Manifest [ Tags ] has valid data" name="Testing the [ built ] version of [ DattoAPI ] with [ DattoAPI.Tests.ps1 ].[ DattoAPI.psd1 ] general manifest data.Manifest [ Tags ] has valid data" time="0.0027" asserts="0" success="True" result="Success" executed="True" />
                  <test-case description="Manifest [ LicenseUri ] has valid data" name="Testing the [ built ] version of [ DattoAPI ] with [ DattoAPI.Tests.ps1 ].[ DattoAPI.psd1 ] general manifest data.Manifest [ LicenseUri ] has valid data" time="0.0096" asserts="0" success="True" result="Success" executed="True" />
                  <test-case description="Manifest [ ProjectUri ] has valid data" name="Testing the [ built ] version of [ DattoAPI ] with [ DattoAPI.Tests.ps1 ].[ DattoAPI.psd1 ] general manifest data.Manifest [ ProjectUri ] has valid data" time="0.0021" asserts="0" success="True" result="Success" executed="True" />
                  <test-case description="Manifest [ IconUri ] has valid data" name="Testing the [ built ] version of [ DattoAPI ] with [ DattoAPI.Tests.ps1 ].[ DattoAPI.psd1 ] general manifest data.Manifest [ IconUri ] has valid data" time="0.0023" asserts="0" success="True" result="Success" executed="True" />
                  <test-case description="Manifest [ ReleaseNotes ] has valid data" name="Testing the [ built ] version of [ DattoAPI ] with [ DattoAPI.Tests.ps1 ].[ DattoAPI.psd1 ] general manifest data.Manifest [ ReleaseNotes ] has valid data" time="0.0023" asserts="0" success="True" result="Success" executed="True" />
                  <test-case description="Manifest [ HelpInfoUri ] is not empty" name="Testing the [ built ] version of [ DattoAPI ] with [ DattoAPI.Tests.ps1 ].[ DattoAPI.psd1 ] general manifest data.Manifest [ HelpInfoUri ] is not empty" time="0.0017" asserts="0" success="True" result="Success" executed="True" />
                </results>
              </test-suite>
              <test-suite type="TestFixture" name="Testing the [ built ] version of [ DattoAPI ] with [ DattoAPI.Tests.ps1 ].[ DattoAPI.psd1 ] module import test" executed="True" result="Success" success="True" time="0.2274" asserts="0" description="Testing the [ built ] version of [ DattoAPI ] with [ DattoAPI.Tests.ps1 ].[ DattoAPI.psd1 ] module import test">
                <results>
                  <test-case description="Module contains only PowerShell files" name="Testing the [ built ] version of [ DattoAPI ] with [ DattoAPI.Tests.ps1 ].[ DattoAPI.psd1 ] module import test.Module contains only PowerShell files" time="0.0036" asserts="0" success="True" result="Success" executed="True" />
                  <test-case description="Module files exist" name="Testing the [ built ] version of [ DattoAPI ] with [ DattoAPI.Tests.ps1 ].[ DattoAPI.psd1 ] module import test.Module files exist" time="0.0023" asserts="0" success="True" result="Success" executed="True" />
                  <test-case description="Should pass Test-ModuleManifest" name="Testing the [ built ] version of [ DattoAPI ] with [ DattoAPI.Tests.ps1 ].[ DattoAPI.psd1 ] module import test.Should pass Test-ModuleManifest" time="0.1272" asserts="0" success="True" result="Success" executed="True" />
                  <test-case description="Should import successfully" name="Testing the [ built ] version of [ DattoAPI ] with [ DattoAPI.Tests.ps1 ].[ DattoAPI.psd1 ] module import test.Should import successfully" time="0.0248" asserts="0" success="True" result="Success" executed="True" />
                </results>
              </test-suite>
            </results>
          </test-suite>
        </results>
      </test-suite>
      <test-suite type="TestFixture" name="C:\Users\christopher.sapp\OneDrive - Kaseya\Documents\GitHub\Datto-PowerShellWrapper\tests\HelpComment.Tests.ps1" executed="True" result="Ignored" success="True" time="3.672" asserts="0" description="C:\Users\christopher.sapp\OneDrive - Kaseya\Documents\GitHub\Datto-PowerShellWrapper\tests\HelpComment.Tests.ps1">
        <results>
          <test-suite type="TestFixture" name="Testing the [ built ] version of [ DattoAPI ] with [ HelpComment.Tests.ps1 ]" executed="True" result="Ignored" success="True" time="1.1655" asserts="0" description="Testing the [ built ] version of [ DattoAPI ] with [ HelpComment.Tests.ps1 ]">
            <results>
              <test-suite type="TestFixture" name="Testing the [ built ] version of [ DattoAPI ] with [ HelpComment.Tests.ps1 ].[ DattoAPI ] module help tests" executed="True" result="Success" success="True" time="0.0514" asserts="0" description="Testing the [ built ] version of [ DattoAPI ] with [ HelpComment.Tests.ps1 ].[ DattoAPI ] module help tests">
                <results>
                  <test-suite type="TestFixture" name="Testing the [ built ] version of [ DattoAPI ] with [ HelpComment.Tests.ps1 ].[ DattoAPI ] module help tests.[ Add-DattoAPIKey ]" executed="True" result="Success" success="True" time="0.0466" asserts="0" description="Testing the [ built ] version of [ DattoAPI ] with [ HelpComment.Tests.ps1 ].[ DattoAPI ] module help tests.[ Add-DattoAPIKey ]">
                    <results>
                      <test-case description="[ Add-DattoAPIKey ] contains comment based help" name="Testing the [ built ] version of [ DattoAPI ] with [ HelpComment.Tests.ps1 ].[ DattoAPI ] module help tests.[ Add-DattoAPIKey ].[ Add-DattoAPIKey ] contains comment based help" time="0.0081" asserts="0" success="True" result="Success" executed="True" />
                      <test-case description="[ Add-DattoAPIKey ] contains a synopsis" name="Testing the [ built ] version of [ DattoAPI ] with [ HelpComment.Tests.ps1 ].[ DattoAPI ] module help tests.[ Add-DattoAPIKey ].[ Add-DattoAPIKey ] contains a synopsis" time="0.0025" asserts="0" success="True" result="Success" executed="True" />
                      <test-case description="[ Add-DattoAPIKey ] contains a description" name="Testing the [ built ] version of [ DattoAPI ] with [ HelpComment.Tests.ps1 ].[ DattoAPI ] module help tests.[ Add-DattoAPIKey ].[ Add-DattoAPIKey ] contains a description" time="0.0029" asserts="0" success="True" result="Success" executed="True" />
                      <test-case description="[ Add-DattoAPIKey ] contains at least one usage example" name="Testing the [ built ] version of [ DattoAPI ] with [ HelpComment.Tests.ps1 ].[ DattoAPI ] module help tests.[ Add-DattoAPIKey ].[ Add-DattoAPIKey ] contains at least one usage example" time="0.0038" asserts="0" success="True" result="Success" executed="True" />
                      <test-case description="[ Add-DattoAPIKey ] contains a note" name="Testing the [ built ] version of [ DattoAPI ] with [ HelpComment.Tests.ps1 ].[ DattoAPI ] module help tests.[ Add-DattoAPIKey ].[ Add-DattoAPIKey ] contains a note" time="0.0016" asserts="0" success="True" result="Success" executed="True" />
                      <test-case description="[ Add-DattoAPIKey ] contains a link" name="Testing the [ built ] version of [ DattoAPI ] with [ HelpComment.Tests.ps1 ].[ DattoAPI ] module help tests.[ Add-DattoAPIKey ].[ Add-DattoAPIKey ] contains a link" time="0.0014" asserts="0" success="True" result="Success" executed="True" />
                      <test-suite type="ParameterizedTest" name="Testing the [ built ] version of [ DattoAPI ] with [ HelpComment.Tests.ps1 ].[ DattoAPI ] module help tests.[ Add-DattoAPIKey ].[ Add-DattoAPIKey ] - Parameter has a description - [ &lt;_.name&gt; ]" executed="True" result="Success" success="True" time="0.0032" asserts="0" description="[ Add-DattoAPIKey ] - Parameter has a description - [ &lt;_.name&gt; ]">
                        <results>
                          <test-case description="[ Add-DattoAPIKey ] - Parameter has a description - [ Api_Key_Public ]" name="Testing the [ built ] version of [ DattoAPI ] with [ HelpComment.Tests.ps1 ].[ DattoAPI ] module help tests.[ Add-DattoAPIKey ].[ Add-DattoAPIKey ] - Parameter has a description - [ Api_Key_Public ]" time="0.0016" asserts="0" success="True" result="Success" executed="True" />
                          <test-case description="[ Add-DattoAPIKey ] - Parameter has a description - [ Api_Key_Secret ]" name="Testing the [ built ] version of [ DattoAPI ] with [ HelpComment.Tests.ps1 ].[ DattoAPI ] module help tests.[ Add-DattoAPIKey ].[ Add-DattoAPIKey ] - Parameter has a description - [ Api_Key_Secret ]" time="0.0016" asserts="0" success="True" result="Success" executed="True" />
                        </results>
                      </test-suite>
                      <test-suite type="ParameterizedTest" name="Testing the [ built ] version of [ DattoAPI ] with [ HelpComment.Tests.ps1 ].[ DattoAPI ] module help tests.[ Add-DattoAPIKey ].[ Add-DattoAPIKey ] - Example has example code &amp; description   - [ &lt;_.title -replace '-'.''&gt; ]" executed="True" result="Success" success="True" time="0.0116" asserts="0" description="[ Add-DattoAPIKey ] - Example has example code &amp; description   - [ &lt;_.title -replace '-'.''&gt; ]">
                        <results>
                          <test-case description="[ Add-DattoAPIKey ] - Example has example code &amp; description   - [  EXAMPLE 1  ]" name="Testing the [ built ] version of [ DattoAPI ] with [ HelpComment.Tests.ps1 ].[ DattoAPI ] module help tests.[ Add-DattoAPIKey ].[ Add-DattoAPIKey ] - Example has example code &amp; description   - [  EXAMPLE 1  ]" time="0.0035" asserts="0" success="True" result="Success" executed="True" />
                          <test-case description="[ Add-DattoAPIKey ] - Example has example code &amp; description   - [  EXAMPLE 2  ]" name="Testing the [ built ] version of [ DattoAPI ] with [ HelpComment.Tests.ps1 ].[ DattoAPI ] module help tests.[ Add-DattoAPIKey ].[ Add-DattoAPIKey ] - Example has example code &amp; description   - [  EXAMPLE 2  ]" time="0.0044" asserts="0" success="True" result="Success" executed="True" />
                          <test-case description="[ Add-DattoAPIKey ] - Example has example code &amp; description   - [  EXAMPLE 3  ]" name="Testing the [ built ] version of [ DattoAPI ] with [ HelpComment.Tests.ps1 ].[ DattoAPI ] module help tests.[ Add-DattoAPIKey ].[ Add-DattoAPIKey ] - Example has example code &amp; description   - [  EXAMPLE 3  ]" time="0.0037" asserts="0" success="True" result="Success" executed="True" />
                        </results>
                      </test-suite>
                    </results>
                  </test-suite>
                </results>
              </test-suite>
              <test-suite type="TestFixture" name="Testing the [ built ] version of [ DattoAPI ] with [ HelpComment.Tests.ps1 ].[ DattoAPI ] module help tests" executed="True" result="Success" success="True" time="0.0884" asserts="0" description="Testing the [ built ] version of [ DattoAPI ] with [ HelpComment.Tests.ps1 ].[ DattoAPI ] module help tests">
                <results>
                  <test-suite type="TestFixture" name="Testing the [ built ] version of [ DattoAPI ] with [ HelpComment.Tests.ps1 ].[ DattoAPI ] module help tests.[ Add-DattoBaseURI ]" executed="True" result="Success" success="True" time="0.0314" asserts="0" description="Testing the [ built ] version of [ DattoAPI ] with [ HelpComment.Tests.ps1 ].[ DattoAPI ] module help tests.[ Add-DattoBaseURI ]">
                    <results>
                      <test-case description="[ Add-DattoBaseURI ] contains comment based help" name="Testing the [ built ] version of [ DattoAPI ] with [ HelpComment.Tests.ps1 ].[ DattoAPI ] module help tests.[ Add-DattoBaseURI ].[ Add-DattoBaseURI ] contains comment based help" time="0.0016" asserts="0" success="True" result="Success" executed="True" />
                      <test-case description="[ Add-DattoBaseURI ] contains a synopsis" name="Testing the [ built ] version of [ DattoAPI ] with [ HelpComment.Tests.ps1 ].[ DattoAPI ] module help tests.[ Add-DattoBaseURI ].[ Add-DattoBaseURI ] contains a synopsis" time="0.0015" asserts="0" success="True" result="Success" executed="True" />
                      <test-case description="[ Add-DattoBaseURI ] contains a description" name="Testing the [ built ] version of [ DattoAPI ] with [ HelpComment.Tests.ps1 ].[ DattoAPI ] module help tests.[ Add-DattoBaseURI ].[ Add-DattoBaseURI ] contains a description" time="0.0014" asserts="0" success="True" result="Success" executed="True" />
                      <test-case description="[ Add-DattoBaseURI ] contains at least one usage example" name="Testing the [ built ] version of [ DattoAPI ] with [ HelpComment.Tests.ps1 ].[ DattoAPI ] module help tests.[ Add-DattoBaseURI ].[ Add-DattoBaseURI ] contains at least one usage example" time="0.0017" asserts="0" success="True" result="Success" executed="True" />
                      <test-case description="[ Add-DattoBaseURI ] contains a note" name="Testing the [ built ] version of [ DattoAPI ] with [ HelpComment.Tests.ps1 ].[ DattoAPI ] module help tests.[ Add-DattoBaseURI ].[ Add-DattoBaseURI ] contains a note" time="0.0023" asserts="0" success="True" result="Success" executed="True" />
                      <test-case description="[ Add-DattoBaseURI ] contains a link" name="Testing the [ built ] version of [ DattoAPI ] with [ HelpComment.Tests.ps1 ].[ DattoAPI ] module help tests.[ Add-DattoBaseURI ].[ Add-DattoBaseURI ] contains a link" time="0.0021" asserts="0" success="True" result="Success" executed="True" />
                      <test-suite type="ParameterizedTest" name="Testing the [ built ] version of [ DattoAPI ] with [ HelpComment.Tests.ps1 ].[ DattoAPI ] module help tests.[ Add-DattoBaseURI ].[ Add-DattoBaseURI ] - Parameter has a description - [ &lt;_.name&gt; ]" executed="True" result="Success" success="True" time="0.0035" asserts="0" description="[ Add-DattoBaseURI ] - Parameter has a description - [ &lt;_.name&gt; ]">
                        <results>
                          <test-case description="[ Add-DattoBaseURI ] - Parameter has a description - [ base_uri ]" name="Testing the [ built ] version of [ DattoAPI ] with [ HelpComment.Tests.ps1 ].[ DattoAPI ] module help tests.[ Add-DattoBaseURI ].[ Add-DattoBaseURI ] - Parameter has a description - [ base_uri ]" time="0.0018" asserts="0" success="True" result="Success" executed="True" />
                          <test-case description="[ Add-DattoBaseURI ] - Parameter has a description - [ data_center ]" name="Testing the [ built ] version of [ DattoAPI ] with [ HelpComment.Tests.ps1 ].[ DattoAPI ] module help tests.[ Add-DattoBaseURI ].[ Add-DattoBaseURI ] - Parameter has a description - [ data_center ]" time="0.0017" asserts="0" success="True" result="Success" executed="True" />
                        </results>
                      </test-suite>
                      <test-suite type="ParameterizedTest" name="Testing the [ built ] version of [ DattoAPI ] with [ HelpComment.Tests.ps1 ].[ DattoAPI ] module help tests.[ Add-DattoBaseURI ].[ Add-DattoBaseURI ] - Example has example code &amp; description   - [ &lt;_.title -replace '-'.''&gt; ]" executed="True" result="Success" success="True" time="0.0119" asserts="0" description="[ Add-DattoBaseURI ] - Example has example code &amp; description   - [ &lt;_.title -replace '-'.''&gt; ]">
                        <results>
                          <test-case description="[ Add-DattoBaseURI ] - Example has example code &amp; description   - [  EXAMPLE 1  ]" name="Testing the [ built ] version of [ DattoAPI ] with [ HelpComment.Tests.ps1 ].[ DattoAPI ] module help tests.[ Add-DattoBaseURI ].[ Add-DattoBaseURI ] - Example has example code &amp; description   - [  EXAMPLE 1  ]" time="0.0019" asserts="0" success="True" result="Success" executed="True" />
                          <test-case description="[ Add-DattoBaseURI ] - Example has example code &amp; description   - [  EXAMPLE 2  ]" name="Testing the [ built ] version of [ DattoAPI ] with [ HelpComment.Tests.ps1 ].[ DattoAPI ] module help tests.[ Add-DattoBaseURI ].[ Add-DattoBaseURI ] - Example has example code &amp; description   - [  EXAMPLE 2  ]" time="0.0064" asserts="0" success="True" result="Success" executed="True" />
                          <test-case description="[ Add-DattoBaseURI ] - Example has example code &amp; description   - [  EXAMPLE 3  ]" name="Testing the [ built ] version of [ DattoAPI ] with [ HelpComment.Tests.ps1 ].[ DattoAPI ] module help tests.[ Add-DattoBaseURI ].[ Add-DattoBaseURI ] - Example has example code &amp; description   - [  EXAMPLE 3  ]" time="0.0035" asserts="0" success="True" result="Success" executed="True" />
                        </results>
                      </test-suite>
                    </results>
                  </test-suite>
                </results>
              </test-suite>
              <test-suite type="TestFixture" name="Testing the [ built ] version of [ DattoAPI ] with [ HelpComment.Tests.ps1 ].[ DattoAPI ] module help tests" executed="True" result="Success" success="True" time="0.1297" asserts="0" description="Testing the [ built ] version of [ DattoAPI ] with [ HelpComment.Tests.ps1 ].[ DattoAPI ] module help tests">
                <results>
                  <test-suite type="TestFixture" name="Testing the [ built ] version of [ DattoAPI ] with [ HelpComment.Tests.ps1 ].[ DattoAPI ] module help tests.[ ConvertTo-DattoQueryString ]" executed="True" result="Success" success="True" time="0.0365" asserts="0" description="Testing the [ built ] version of [ DattoAPI ] with [ HelpComment.Tests.ps1 ].[ DattoAPI ] module help tests.[ ConvertTo-DattoQueryString ]">
                    <results>
                      <test-case description="[ ConvertTo-DattoQueryString ] contains comment based help" name="Testing the [ built ] version of [ DattoAPI ] with [ HelpComment.Tests.ps1 ].[ DattoAPI ] module help tests.[ ConvertTo-DattoQueryString ].[ ConvertTo-DattoQueryString ] contains comment based help" time="0.0032" asserts="0" success="True" result="Success" executed="True" />
                      <test-case description="[ ConvertTo-DattoQueryString ] contains a synopsis" name="Testing the [ built ] version of [ DattoAPI ] with [ HelpComment.Tests.ps1 ].[ DattoAPI ] module help tests.[ ConvertTo-DattoQueryString ].[ ConvertTo-DattoQueryString ] contains a synopsis" time="0.0031" asserts="0" success="True" result="Success" executed="True" />
                      <test-case description="[ ConvertTo-DattoQueryString ] contains a description" name="Testing the [ built ] version of [ DattoAPI ] with [ HelpComment.Tests.ps1 ].[ DattoAPI ] module help tests.[ ConvertTo-DattoQueryString ].[ ConvertTo-DattoQueryString ] contains a description" time="0.003" asserts="0" success="True" result="Success" executed="True" />
                      <test-case description="[ ConvertTo-DattoQueryString ] contains at least one usage example" name="Testing the [ built ] version of [ DattoAPI ] with [ HelpComment.Tests.ps1 ].[ DattoAPI ] module help tests.[ ConvertTo-DattoQueryString ].[ ConvertTo-DattoQueryString ] contains at least one usage example" time="0.0034" asserts="0" success="True" result="Success" executed="True" />
                      <test-case description="[ ConvertTo-DattoQueryString ] contains a note" name="Testing the [ built ] version of [ DattoAPI ] with [ HelpComment.Tests.ps1 ].[ DattoAPI ] module help tests.[ ConvertTo-DattoQueryString ].[ ConvertTo-DattoQueryString ] contains a note" time="0.0024" asserts="0" success="True" result="Success" executed="True" />
                      <test-case description="[ ConvertTo-DattoQueryString ] contains a link" name="Testing the [ built ] version of [ DattoAPI ] with [ HelpComment.Tests.ps1 ].[ DattoAPI ] module help tests.[ ConvertTo-DattoQueryString ].[ ConvertTo-DattoQueryString ] contains a link" time="0.0029" asserts="0" success="True" result="Success" executed="True" />
                      <test-suite type="ParameterizedTest" name="Testing the [ built ] version of [ DattoAPI ] with [ HelpComment.Tests.ps1 ].[ DattoAPI ] module help tests.[ ConvertTo-DattoQueryString ].[ ConvertTo-DattoQueryString ] - Parameter has a description - [ &lt;_.name&gt; ]" executed="True" result="Success" success="True" time="0.0094" asserts="0" description="[ ConvertTo-DattoQueryString ] - Parameter has a description - [ &lt;_.name&gt; ]">
                        <results>
                          <test-case description="[ ConvertTo-DattoQueryString ] - Parameter has a description - [ uri_Filter ]" name="Testing the [ built ] version of [ DattoAPI ] with [ HelpComment.Tests.ps1 ].[ DattoAPI ] module help tests.[ ConvertTo-DattoQueryString ].[ ConvertTo-DattoQueryString ] - Parameter has a description - [ uri_Filter ]" time="0.0071" asserts="0" success="True" result="Success" executed="True" />
                          <test-case description="[ ConvertTo-DattoQueryString ] - Parameter has a description - [ resource_Uri ]" name="Testing the [ built ] version of [ DattoAPI ] with [ HelpComment.Tests.ps1 ].[ DattoAPI ] module help tests.[ ConvertTo-DattoQueryString ].[ ConvertTo-DattoQueryString ] - Parameter has a description - [ resource_Uri ]" time="0.0024" asserts="0" success="True" result="Success" executed="True" />
                        </results>
                      </test-suite>
                      <test-suite type="ParameterizedTest" name="Testing the [ built ] version of [ DattoAPI ] with [ HelpComment.Tests.ps1 ].[ DattoAPI ] module help tests.[ ConvertTo-DattoQueryString ].[ ConvertTo-DattoQueryString ] - Example has example code &amp; description   - [ &lt;_.title -replace '-'.''&gt; ]" executed="True" result="Success" success="True" time="0.0028" asserts="0" description="[ ConvertTo-DattoQueryString ] - Example has example code &amp; description   - [ &lt;_.title -replace '-'.''&gt; ]">
                        <results>
                          <test-case description="[ ConvertTo-DattoQueryString ] - Example has example code &amp; description   - [  EXAMPLE 1  ]" name="Testing the [ built ] version of [ DattoAPI ] with [ HelpComment.Tests.ps1 ].[ DattoAPI ] module help tests.[ ConvertTo-DattoQueryString ].[ ConvertTo-DattoQueryString ] - Example has example code &amp; description   - [  EXAMPLE 1  ]" time="0.0028" asserts="0" success="True" result="Success" executed="True" />
                        </results>
                      </test-suite>
                    </results>
                  </test-suite>
                </results>
              </test-suite>
              <test-suite type="TestFixture" name="Testing the [ built ] version of [ DattoAPI ] with [ HelpComment.Tests.ps1 ].[ DattoAPI ] module help tests" executed="True" result="Success" success="True" time="0.1801" asserts="0" description="Testing the [ built ] version of [ DattoAPI ] with [ HelpComment.Tests.ps1 ].[ DattoAPI ] module help tests">
                <results>
                  <test-suite type="TestFixture" name="Testing the [ built ] version of [ DattoAPI ] with [ HelpComment.Tests.ps1 ].[ DattoAPI ] module help tests.[ Export-DattoModuleSettings ]" executed="True" result="Success" success="True" time="0.0448" asserts="0" description="Testing the [ built ] version of [ DattoAPI ] with [ HelpComment.Tests.ps1 ].[ DattoAPI ] module help tests.[ Export-DattoModuleSettings ]">
                    <results>
                      <test-case description="[ Export-DattoModuleSettings ] contains comment based help" name="Testing the [ built ] version of [ DattoAPI ] with [ HelpComment.Tests.ps1 ].[ DattoAPI ] module help tests.[ Export-DattoModuleSettings ].[ Export-DattoModuleSettings ] contains comment based help" time="0.0023" asserts="0" success="True" result="Success" executed="True" />
                      <test-case description="[ Export-DattoModuleSettings ] contains a synopsis" name="Testing the [ built ] version of [ DattoAPI ] with [ HelpComment.Tests.ps1 ].[ DattoAPI ] module help tests.[ Export-DattoModuleSettings ].[ Export-DattoModuleSettings ] contains a synopsis" time="0.0019" asserts="0" success="True" result="Success" executed="True" />
                      <test-case description="[ Export-DattoModuleSettings ] contains a description" name="Testing the [ built ] version of [ DattoAPI ] with [ HelpComment.Tests.ps1 ].[ DattoAPI ] module help tests.[ Export-DattoModuleSettings ].[ Export-DattoModuleSettings ] contains a description" time="0.0029" asserts="0" success="True" result="Success" executed="True" />
                      <test-case description="[ Export-DattoModuleSettings ] contains at least one usage example" name="Testing the [ built ] version of [ DattoAPI ] with [ HelpComment.Tests.ps1 ].[ DattoAPI ] module help tests.[ Export-DattoModuleSettings ].[ Export-DattoModuleSettings ] contains at least one usage example" time="0.0039" asserts="0" success="True" result="Success" executed="True" />
                      <test-case description="[ Export-DattoModuleSettings ] contains a note" name="Testing the [ built ] version of [ DattoAPI ] with [ HelpComment.Tests.ps1 ].[ DattoAPI ] module help tests.[ Export-DattoModuleSettings ].[ Export-DattoModuleSettings ] contains a note" time="0.0033" asserts="0" success="True" result="Success" executed="True" />
                      <test-case description="[ Export-DattoModuleSettings ] contains a link" name="Testing the [ built ] version of [ DattoAPI ] with [ HelpComment.Tests.ps1 ].[ DattoAPI ] module help tests.[ Export-DattoModuleSettings ].[ Export-DattoModuleSettings ] contains a link" time="0.0028" asserts="0" success="True" result="Success" executed="True" />
                      <test-suite type="ParameterizedTest" name="Testing the [ built ] version of [ DattoAPI ] with [ HelpComment.Tests.ps1 ].[ DattoAPI ] module help tests.[ Export-DattoModuleSettings ].[ Export-DattoModuleSettings ] - Parameter has a description - [ &lt;_.name&gt; ]" executed="True" result="Success" success="True" time="0.0145" asserts="0" description="[ Export-DattoModuleSettings ] - Parameter has a description - [ &lt;_.name&gt; ]">
                        <results>
                          <test-case description="[ Export-DattoModuleSettings ] - Parameter has a description - [ dattoConfPath ]" name="Testing the [ built ] version of [ DattoAPI ] with [ HelpComment.Tests.ps1 ].[ DattoAPI ] module help tests.[ Export-DattoModuleSettings ].[ Export-DattoModuleSettings ] - Parameter has a description - [ dattoConfPath ]" time="0.0115" asserts="0" success="True" result="Success" executed="True" />
                          <test-case description="[ Export-DattoModuleSettings ] - Parameter has a description - [ dattoConfFile ]" name="Testing the [ built ] version of [ DattoAPI ] with [ HelpComment.Tests.ps1 ].[ DattoAPI ] module help tests.[ Export-DattoModuleSettings ].[ Export-DattoModuleSettings ] - Parameter has a description - [ dattoConfFile ]" time="0.003" asserts="0" success="True" result="Success" executed="True" />
                        </results>
                      </test-suite>
                      <test-suite type="ParameterizedTest" name="Testing the [ built ] version of [ DattoAPI ] with [ HelpComment.Tests.ps1 ].[ DattoAPI ] module help tests.[ Export-DattoModuleSettings ].[ Export-DattoModuleSettings ] - Example has example code &amp; description   - [ &lt;_.title -replace '-'.''&gt; ]" executed="True" result="Success" success="True" time="0.007" asserts="0" description="[ Export-DattoModuleSettings ] - Example has example code &amp; description   - [ &lt;_.title -replace '-'.''&gt; ]">
                        <results>
                          <test-case description="[ Export-DattoModuleSettings ] - Example has example code &amp; description   - [  EXAMPLE 1  ]" name="Testing the [ built ] version of [ DattoAPI ] with [ HelpComment.Tests.ps1 ].[ DattoAPI ] module help tests.[ Export-DattoModuleSettings ].[ Export-DattoModuleSettings ] - Example has example code &amp; description   - [  EXAMPLE 1  ]" time="0.0035" asserts="0" success="True" result="Success" executed="True" />
                          <test-case description="[ Export-DattoModuleSettings ] - Example has example code &amp; description   - [  EXAMPLE 2  ]" name="Testing the [ built ] version of [ DattoAPI ] with [ HelpComment.Tests.ps1 ].[ DattoAPI ] module help tests.[ Export-DattoModuleSettings ].[ Export-DattoModuleSettings ] - Example has example code &amp; description   - [  EXAMPLE 2  ]" time="0.0035" asserts="0" success="True" result="Success" executed="True" />
                        </results>
                      </test-suite>
                    </results>
                  </test-suite>
                </results>
              </test-suite>
              <test-suite type="TestFixture" name="Testing the [ built ] version of [ DattoAPI ] with [ HelpComment.Tests.ps1 ].[ DattoAPI ] module help tests" executed="True" result="Success" success="True" time="0.246" asserts="0" description="Testing the [ built ] version of [ DattoAPI ] with [ HelpComment.Tests.ps1 ].[ DattoAPI ] module help tests">
                <results>
                  <test-suite type="TestFixture" name="Testing the [ built ] version of [ DattoAPI ] with [ HelpComment.Tests.ps1 ].[ DattoAPI ] module help tests.[ Get-DattoActivityLog ]" executed="True" result="Success" success="True" time="0.0602" asserts="0" description="Testing the [ built ] version of [ DattoAPI ] with [ HelpComment.Tests.ps1 ].[ DattoAPI ] module help tests.[ Get-DattoActivityLog ]">
                    <results>
                      <test-case description="[ Get-DattoActivityLog ] contains comment based help" name="Testing the [ built ] version of [ DattoAPI ] with [ HelpComment.Tests.ps1 ].[ DattoAPI ] module help tests.[ Get-DattoActivityLog ].[ Get-DattoActivityLog ] contains comment based help" time="0.0019" asserts="0" success="True" result="Success" executed="True" />
                      <test-case description="[ Get-DattoActivityLog ] contains a synopsis" name="Testing the [ built ] version of [ DattoAPI ] with [ HelpComment.Tests.ps1 ].[ DattoAPI ] module help tests.[ Get-DattoActivityLog ].[ Get-DattoActivityLog ] contains a synopsis" time="0.0026" asserts="0" success="True" result="Success" executed="True" />
                      <test-case description="[ Get-DattoActivityLog ] contains a description" name="Testing the [ built ] version of [ DattoAPI ] with [ HelpComment.Tests.ps1 ].[ DattoAPI ] module help tests.[ Get-DattoActivityLog ].[ Get-DattoActivityLog ] contains a description" time="0.0025" asserts="0" success="True" result="Success" executed="True" />
                      <test-case description="[ Get-DattoActivityLog ] contains at least one usage example" name="Testing the [ built ] version of [ DattoAPI ] with [ HelpComment.Tests.ps1 ].[ DattoAPI ] module help tests.[ Get-DattoActivityLog ].[ Get-DattoActivityLog ] contains at least one usage example" time="0.0019" asserts="0" success="True" result="Success" executed="True" />
                      <test-case description="[ Get-DattoActivityLog ] contains a note" name="Testing the [ built ] version of [ DattoAPI ] with [ HelpComment.Tests.ps1 ].[ DattoAPI ] module help tests.[ Get-DattoActivityLog ].[ Get-DattoActivityLog ] contains a note" time="0.0057" asserts="0" success="True" result="Success" executed="True" />
                      <test-case description="[ Get-DattoActivityLog ] contains a link" name="Testing the [ built ] version of [ DattoAPI ] with [ HelpComment.Tests.ps1 ].[ DattoAPI ] module help tests.[ Get-DattoActivityLog ].[ Get-DattoActivityLog ] contains a link" time="0.0016" asserts="0" success="True" result="Success" executed="True" />
                      <test-suite type="ParameterizedTest" name="Testing the [ built ] version of [ DattoAPI ] with [ HelpComment.Tests.ps1 ].[ DattoAPI ] module help tests.[ Get-DattoActivityLog ].[ Get-DattoActivityLog ] - Parameter has a description - [ &lt;_.name&gt; ]" executed="True" result="Success" success="True" time="0.0204" asserts="0" description="[ Get-DattoActivityLog ] - Parameter has a description - [ &lt;_.name&gt; ]">
                        <results>
                          <test-case description="[ Get-DattoActivityLog ] - Parameter has a description - [ clientName ]" name="Testing the [ built ] version of [ DattoAPI ] with [ HelpComment.Tests.ps1 ].[ DattoAPI ] module help tests.[ Get-DattoActivityLog ].[ Get-DattoActivityLog ] - Parameter has a description - [ clientName ]" time="0.0016" asserts="0" success="True" result="Success" executed="True" />
                          <test-case description="[ Get-DattoActivityLog ] - Parameter has a description - [ since ]" name="Testing the [ built ] version of [ DattoAPI ] with [ HelpComment.Tests.ps1 ].[ DattoAPI ] module help tests.[ Get-DattoActivityLog ].[ Get-DattoActivityLog ] - Parameter has a description - [ since ]" time="0.0032" asserts="0" success="True" result="Success" executed="True" />
                          <test-case description="[ Get-DattoActivityLog ] - Parameter has a description - [ sinceUnits ]" name="Testing the [ built ] version of [ DattoAPI ] with [ HelpComment.Tests.ps1 ].[ DattoAPI ] module help tests.[ Get-DattoActivityLog ].[ Get-DattoActivityLog ] - Parameter has a description - [ sinceUnits ]" time="0.0023" asserts="0" success="True" result="Success" executed="True" />
                          <test-case description="[ Get-DattoActivityLog ] - Parameter has a description - [ target ]" name="Testing the [ built ] version of [ DattoAPI ] with [ HelpComment.Tests.ps1 ].[ DattoAPI ] module help tests.[ Get-DattoActivityLog ].[ Get-DattoActivityLog ] - Parameter has a description - [ target ]" time="0.0022" asserts="0" success="True" result="Success" executed="True" />
                          <test-case description="[ Get-DattoActivityLog ] - Parameter has a description - [ targetType ]" name="Testing the [ built ] version of [ DattoAPI ] with [ HelpComment.Tests.ps1 ].[ DattoAPI ] module help tests.[ Get-DattoActivityLog ].[ Get-DattoActivityLog ] - Parameter has a description - [ targetType ]" time="0.0026" asserts="0" success="True" result="Success" executed="True" />
                          <test-case description="[ Get-DattoActivityLog ] - Parameter has a description - [ user ]" name="Testing the [ built ] version of [ DattoAPI ] with [ HelpComment.Tests.ps1 ].[ DattoAPI ] module help tests.[ Get-DattoActivityLog ].[ Get-DattoActivityLog ] - Parameter has a description - [ user ]" time="0.0023" asserts="0" success="True" result="Success" executed="True" />
                          <test-case description="[ Get-DattoActivityLog ] - Parameter has a description - [ page ]" name="Testing the [ built ] version of [ DattoAPI ] with [ HelpComment.Tests.ps1 ].[ DattoAPI ] module help tests.[ Get-DattoActivityLog ].[ Get-DattoActivityLog ] - Parameter has a description - [ page ]" time="0.0022" asserts="0" success="True" result="Success" executed="True" />
                          <test-case description="[ Get-DattoActivityLog ] - Parameter has a description - [ perPage ]" name="Testing the [ built ] version of [ DattoAPI ] with [ HelpComment.Tests.ps1 ].[ DattoAPI ] module help tests.[ Get-DattoActivityLog ].[ Get-DattoActivityLog ] - Parameter has a description - [ perPage ]" time="0.0023" asserts="0" success="True" result="Success" executed="True" />
                          <test-case description="[ Get-DattoActivityLog ] - Parameter has a description - [ allPages ]" name="Testing the [ built ] version of [ DattoAPI ] with [ HelpComment.Tests.ps1 ].[ DattoAPI ] module help tests.[ Get-DattoActivityLog ].[ Get-DattoActivityLog ] - Parameter has a description - [ allPages ]" time="0.0016" asserts="0" success="True" result="Success" executed="True" />
                        </results>
                      </test-suite>
                      <test-suite type="ParameterizedTest" name="Testing the [ built ] version of [ DattoAPI ] with [ HelpComment.Tests.ps1 ].[ DattoAPI ] module help tests.[ Get-DattoActivityLog ].[ Get-DattoActivityLog ] - Example has example code &amp; description   - [ &lt;_.title -replace '-'.''&gt; ]" executed="True" result="Success" success="True" time="0.0174" asserts="0" description="[ Get-DattoActivityLog ] - Example has example code &amp; description   - [ &lt;_.title -replace '-'.''&gt; ]">
                        <results>
                          <test-case description="[ Get-DattoActivityLog ] - Example has example code &amp; description   - [  EXAMPLE 1  ]" name="Testing the [ built ] version of [ DattoAPI ] with [ HelpComment.Tests.ps1 ].[ DattoAPI ] module help tests.[ Get-DattoActivityLog ].[ Get-DattoActivityLog ] - Example has example code &amp; description   - [  EXAMPLE 1  ]" time="0.0048" asserts="0" success="True" result="Success" executed="True" />
                          <test-case description="[ Get-DattoActivityLog ] - Example has example code &amp; description   - [  EXAMPLE 2  ]" name="Testing the [ built ] version of [ DattoAPI ] with [ HelpComment.Tests.ps1 ].[ DattoAPI ] module help tests.[ Get-DattoActivityLog ].[ Get-DattoActivityLog ] - Example has example code &amp; description   - [  EXAMPLE 2  ]" time="0.0021" asserts="0" success="True" result="Success" executed="True" />
                          <test-case description="[ Get-DattoActivityLog ] - Example has example code &amp; description   - [  EXAMPLE 3  ]" name="Testing the [ built ] version of [ DattoAPI ] with [ HelpComment.Tests.ps1 ].[ DattoAPI ] module help tests.[ Get-DattoActivityLog ].[ Get-DattoActivityLog ] - Example has example code &amp; description   - [  EXAMPLE 3  ]" time="0.0025" asserts="0" success="True" result="Success" executed="True" />
                          <test-case description="[ Get-DattoActivityLog ] - Example has example code &amp; description   - [  EXAMPLE 4  ]" name="Testing the [ built ] version of [ DattoAPI ] with [ HelpComment.Tests.ps1 ].[ DattoAPI ] module help tests.[ Get-DattoActivityLog ].[ Get-DattoActivityLog ] - Example has example code &amp; description   - [  EXAMPLE 4  ]" time="0.004" asserts="0" success="True" result="Success" executed="True" />
                          <test-case description="[ Get-DattoActivityLog ] - Example has example code &amp; description   - [  EXAMPLE 5  ]" name="Testing the [ built ] version of [ DattoAPI ] with [ HelpComment.Tests.ps1 ].[ DattoAPI ] module help tests.[ Get-DattoActivityLog ].[ Get-DattoActivityLog ] - Example has example code &amp; description   - [  EXAMPLE 5  ]" time="0.0042" asserts="0" success="True" result="Success" executed="True" />
                        </results>
                      </test-suite>
                    </results>
                  </test-suite>
                </results>
              </test-suite>
              <test-suite type="TestFixture" name="Testing the [ built ] version of [ DattoAPI ] with [ HelpComment.Tests.ps1 ].[ DattoAPI ] module help tests" executed="True" result="Success" success="True" time="0.3078" asserts="0" description="Testing the [ built ] version of [ DattoAPI ] with [ HelpComment.Tests.ps1 ].[ DattoAPI ] module help tests">
                <results>
                  <test-suite type="TestFixture" name="Testing the [ built ] version of [ DattoAPI ] with [ HelpComment.Tests.ps1 ].[ DattoAPI ] module help tests.[ Get-DattoAgent ]" executed="True" result="Success" success="True" time="0.0497" asserts="0" description="Testing the [ built ] version of [ DattoAPI ] with [ HelpComment.Tests.ps1 ].[ DattoAPI ] module help tests.[ Get-DattoAgent ]">
                    <results>
                      <test-case description="[ Get-DattoAgent ] contains comment based help" name="Testing the [ built ] version of [ DattoAPI ] with [ HelpComment.Tests.ps1 ].[ DattoAPI ] module help tests.[ Get-DattoAgent ].[ Get-DattoAgent ] contains comment based help" time="0.0025" asserts="0" success="True" result="Success" executed="True" />
                      <test-case description="[ Get-DattoAgent ] contains a synopsis" name="Testing the [ built ] version of [ DattoAPI ] with [ HelpComment.Tests.ps1 ].[ DattoAPI ] module help tests.[ Get-DattoAgent ].[ Get-DattoAgent ] contains a synopsis" time="0.0015" asserts="0" success="True" result="Success" executed="True" />
                      <test-case description="[ Get-DattoAgent ] contains a description" name="Testing the [ built ] version of [ DattoAPI ] with [ HelpComment.Tests.ps1 ].[ DattoAPI ] module help tests.[ Get-DattoAgent ].[ Get-DattoAgent ] contains a description" time="0.0015" asserts="0" success="True" result="Success" executed="True" />
                      <test-case description="[ Get-DattoAgent ] contains at least one usage example" name="Testing the [ built ] version of [ DattoAPI ] with [ HelpComment.Tests.ps1 ].[ DattoAPI ] module help tests.[ Get-DattoAgent ].[ Get-DattoAgent ] contains at least one usage example" time="0.0066" asserts="0" success="True" result="Success" executed="True" />
                      <test-case description="[ Get-DattoAgent ] contains a note" name="Testing the [ built ] version of [ DattoAPI ] with [ HelpComment.Tests.ps1 ].[ DattoAPI ] module help tests.[ Get-DattoAgent ].[ Get-DattoAgent ] contains a note" time="0.0031" asserts="0" success="True" result="Success" executed="True" />
                      <test-case description="[ Get-DattoAgent ] contains a link" name="Testing the [ built ] version of [ DattoAPI ] with [ HelpComment.Tests.ps1 ].[ DattoAPI ] module help tests.[ Get-DattoAgent ].[ Get-DattoAgent ] contains a link" time="0.0029" asserts="0" success="True" result="Success" executed="True" />
                      <test-suite type="ParameterizedTest" name="Testing the [ built ] version of [ DattoAPI ] with [ HelpComment.Tests.ps1 ].[ DattoAPI ] module help tests.[ Get-DattoAgent ].[ Get-DattoAgent ] - Parameter has a description - [ &lt;_.name&gt; ]" executed="True" result="Success" success="True" time="0.0111" asserts="0" description="[ Get-DattoAgent ] - Parameter has a description - [ &lt;_.name&gt; ]">
                        <results>
                          <test-case description="[ Get-DattoAgent ] - Parameter has a description - [ serialNumber ]" name="Testing the [ built ] version of [ DattoAPI ] with [ HelpComment.Tests.ps1 ].[ DattoAPI ] module help tests.[ Get-DattoAgent ].[ Get-DattoAgent ] - Parameter has a description - [ serialNumber ]" time="0.0028" asserts="0" success="True" result="Success" executed="True" />
                          <test-case description="[ Get-DattoAgent ] - Parameter has a description - [ page ]" name="Testing the [ built ] version of [ DattoAPI ] with [ HelpComment.Tests.ps1 ].[ DattoAPI ] module help tests.[ Get-DattoAgent ].[ Get-DattoAgent ] - Parameter has a description - [ page ]" time="0.0026" asserts="0" success="True" result="Success" executed="True" />
                          <test-case description="[ Get-DattoAgent ] - Parameter has a description - [ perPage ]" name="Testing the [ built ] version of [ DattoAPI ] with [ HelpComment.Tests.ps1 ].[ DattoAPI ] module help tests.[ Get-DattoAgent ].[ Get-DattoAgent ] - Parameter has a description - [ perPage ]" time="0.0028" asserts="0" success="True" result="Success" executed="True" />
                          <test-case description="[ Get-DattoAgent ] - Parameter has a description - [ allPages ]" name="Testing the [ built ] version of [ DattoAPI ] with [ HelpComment.Tests.ps1 ].[ DattoAPI ] module help tests.[ Get-DattoAgent ].[ Get-DattoAgent ] - Parameter has a description - [ allPages ]" time="0.0028" asserts="0" success="True" result="Success" executed="True" />
                        </results>
                      </test-suite>
                      <test-suite type="ParameterizedTest" name="Testing the [ built ] version of [ DattoAPI ] with [ HelpComment.Tests.ps1 ].[ DattoAPI ] module help tests.[ Get-DattoAgent ].[ Get-DattoAgent ] - Example has example code &amp; description   - [ &lt;_.title -replace '-'.''&gt; ]" executed="True" result="Success" success="True" time="0.0116" asserts="0" description="[ Get-DattoAgent ] - Example has example code &amp; description   - [ &lt;_.title -replace '-'.''&gt; ]">
                        <results>
                          <test-case description="[ Get-DattoAgent ] - Example has example code &amp; description   - [  EXAMPLE 1  ]" name="Testing the [ built ] version of [ DattoAPI ] with [ HelpComment.Tests.ps1 ].[ DattoAPI ] module help tests.[ Get-DattoAgent ].[ Get-DattoAgent ] - Example has example code &amp; description   - [  EXAMPLE 1  ]" time="0.0039" asserts="0" success="True" result="Success" executed="True" />
                          <test-case description="[ Get-DattoAgent ] - Example has example code &amp; description   - [  EXAMPLE 2  ]" name="Testing the [ built ] version of [ DattoAPI ] with [ HelpComment.Tests.ps1 ].[ DattoAPI ] module help tests.[ Get-DattoAgent ].[ Get-DattoAgent ] - Example has example code &amp; description   - [  EXAMPLE 2  ]" time="0.0039" asserts="0" success="True" result="Success" executed="True" />
                          <test-case description="[ Get-DattoAgent ] - Example has example code &amp; description   - [  EXAMPLE 3  ]" name="Testing the [ built ] version of [ DattoAPI ] with [ HelpComment.Tests.ps1 ].[ DattoAPI ] module help tests.[ Get-DattoAgent ].[ Get-DattoAgent ] - Example has example code &amp; description   - [  EXAMPLE 3  ]" time="0.0038" asserts="0" success="True" result="Success" executed="True" />
                        </results>
                      </test-suite>
                    </results>
                  </test-suite>
                </results>
              </test-suite>
              <test-suite type="TestFixture" name="Testing the [ built ] version of [ DattoAPI ] with [ HelpComment.Tests.ps1 ].[ DattoAPI ] module help tests" executed="True" result="Success" success="True" time="0.3532" asserts="0" description="Testing the [ built ] version of [ DattoAPI ] with [ HelpComment.Tests.ps1 ].[ DattoAPI ] module help tests">
                <results>
                  <test-suite type="TestFixture" name="Testing the [ built ] version of [ DattoAPI ] with [ HelpComment.Tests.ps1 ].[ DattoAPI ] module help tests.[ Get-DattoAlert ]" executed="True" result="Success" success="True" time="0.0398" asserts="0" description="Testing the [ built ] version of [ DattoAPI ] with [ HelpComment.Tests.ps1 ].[ DattoAPI ] module help tests.[ Get-DattoAlert ]">
                    <results>
                      <test-case description="[ Get-DattoAlert ] contains comment based help" name="Testing the [ built ] version of [ DattoAPI ] with [ HelpComment.Tests.ps1 ].[ DattoAPI ] module help tests.[ Get-DattoAlert ].[ Get-DattoAlert ] contains comment based help" time="0.0033" asserts="0" success="True" result="Success" executed="True" />
                      <test-case description="[ Get-DattoAlert ] contains a synopsis" name="Testing the [ built ] version of [ DattoAPI ] with [ HelpComment.Tests.ps1 ].[ DattoAPI ] module help tests.[ Get-DattoAlert ].[ Get-DattoAlert ] contains a synopsis" time="0.0033" asserts="0" success="True" result="Success" executed="True" />
                      <test-case description="[ Get-DattoAlert ] contains a description" name="Testing the [ built ] version of [ DattoAPI ] with [ HelpComment.Tests.ps1 ].[ DattoAPI ] module help tests.[ Get-DattoAlert ].[ Get-DattoAlert ] contains a description" time="0.0018" asserts="0" success="True" result="Success" executed="True" />
                      <test-case description="[ Get-DattoAlert ] contains at least one usage example" name="Testing the [ built ] version of [ DattoAPI ] with [ HelpComment.Tests.ps1 ].[ DattoAPI ] module help tests.[ Get-DattoAlert ].[ Get-DattoAlert ] contains at least one usage example" time="0.0021" asserts="0" success="True" result="Success" executed="True" />
                      <test-case description="[ Get-DattoAlert ] contains a note" name="Testing the [ built ] version of [ DattoAPI ] with [ HelpComment.Tests.ps1 ].[ DattoAPI ] module help tests.[ Get-DattoAlert ].[ Get-DattoAlert ] contains a note" time="0.0016" asserts="0" success="True" result="Success" executed="True" />
                      <test-case description="[ Get-DattoAlert ] contains a link" name="Testing the [ built ] version of [ DattoAPI ] with [ HelpComment.Tests.ps1 ].[ DattoAPI ] module help tests.[ Get-DattoAlert ].[ Get-DattoAlert ] contains a link" time="0.0013" asserts="0" success="True" result="Success" executed="True" />
                      <test-suite type="ParameterizedTest" name="Testing the [ built ] version of [ DattoAPI ] with [ HelpComment.Tests.ps1 ].[ DattoAPI ] module help tests.[ Get-DattoAlert ].[ Get-DattoAlert ] - Parameter has a description - [ &lt;_.name&gt; ]" executed="True" result="Success" success="True" time="0.0098" asserts="0" description="[ Get-DattoAlert ] - Parameter has a description - [ &lt;_.name&gt; ]">
                        <results>
                          <test-case description="[ Get-DattoAlert ] - Parameter has a description - [ serialNumber ]" name="Testing the [ built ] version of [ DattoAPI ] with [ HelpComment.Tests.ps1 ].[ DattoAPI ] module help tests.[ Get-DattoAlert ].[ Get-DattoAlert ] - Parameter has a description - [ serialNumber ]" time="0.0034" asserts="0" success="True" result="Success" executed="True" />
                          <test-case description="[ Get-DattoAlert ] - Parameter has a description - [ page ]" name="Testing the [ built ] version of [ DattoAPI ] with [ HelpComment.Tests.ps1 ].[ DattoAPI ] module help tests.[ Get-DattoAlert ].[ Get-DattoAlert ] - Parameter has a description - [ page ]" time="0.0023" asserts="0" success="True" result="Success" executed="True" />
                          <test-case description="[ Get-DattoAlert ] - Parameter has a description - [ perPage ]" name="Testing the [ built ] version of [ DattoAPI ] with [ HelpComment.Tests.ps1 ].[ DattoAPI ] module help tests.[ Get-DattoAlert ].[ Get-DattoAlert ] - Parameter has a description - [ perPage ]" time="0.0021" asserts="0" success="True" result="Success" executed="True" />
                          <test-case description="[ Get-DattoAlert ] - Parameter has a description - [ allPages ]" name="Testing the [ built ] version of [ DattoAPI ] with [ HelpComment.Tests.ps1 ].[ DattoAPI ] module help tests.[ Get-DattoAlert ].[ Get-DattoAlert ] - Parameter has a description - [ allPages ]" time="0.0019" asserts="0" success="True" result="Success" executed="True" />
                        </results>
                      </test-suite>
                      <test-suite type="ParameterizedTest" name="Testing the [ built ] version of [ DattoAPI ] with [ HelpComment.Tests.ps1 ].[ DattoAPI ] module help tests.[ Get-DattoAlert ].[ Get-DattoAlert ] - Example has example code &amp; description   - [ &lt;_.title -replace '-'.''&gt; ]" executed="True" result="Success" success="True" time="0.01" asserts="0" description="[ Get-DattoAlert ] - Example has example code &amp; description   - [ &lt;_.title -replace '-'.''&gt; ]">
                        <results>
                          <test-case description="[ Get-DattoAlert ] - Example has example code &amp; description   - [  EXAMPLE 1  ]" name="Testing the [ built ] version of [ DattoAPI ] with [ HelpComment.Tests.ps1 ].[ DattoAPI ] module help tests.[ Get-DattoAlert ].[ Get-DattoAlert ] - Example has example code &amp; description   - [  EXAMPLE 1  ]" time="0.0064" asserts="0" success="True" result="Success" executed="True" />
                          <test-case description="[ Get-DattoAlert ] - Example has example code &amp; description   - [  EXAMPLE 2  ]" name="Testing the [ built ] version of [ DattoAPI ] with [ HelpComment.Tests.ps1 ].[ DattoAPI ] module help tests.[ Get-DattoAlert ].[ Get-DattoAlert ] - Example has example code &amp; description   - [  EXAMPLE 2  ]" time="0.0035" asserts="0" success="True" result="Success" executed="True" />
                        </results>
                      </test-suite>
                    </results>
                  </test-suite>
                </results>
              </test-suite>
              <test-suite type="TestFixture" name="Testing the [ built ] version of [ DattoAPI ] with [ HelpComment.Tests.ps1 ].[ DattoAPI ] module help tests" executed="True" result="Success" success="True" time="0.3939" asserts="0" description="Testing the [ built ] version of [ DattoAPI ] with [ HelpComment.Tests.ps1 ].[ DattoAPI ] module help tests">
                <results>
                  <test-suite type="TestFixture" name="Testing the [ built ] version of [ DattoAPI ] with [ HelpComment.Tests.ps1 ].[ DattoAPI ] module help tests.[ Get-DattoAPIKey ]" executed="True" result="Success" success="True" time="0.0357" asserts="0" description="Testing the [ built ] version of [ DattoAPI ] with [ HelpComment.Tests.ps1 ].[ DattoAPI ] module help tests.[ Get-DattoAPIKey ]">
                    <results>
                      <test-case description="[ Get-DattoAPIKey ] contains comment based help" name="Testing the [ built ] version of [ DattoAPI ] with [ HelpComment.Tests.ps1 ].[ DattoAPI ] module help tests.[ Get-DattoAPIKey ].[ Get-DattoAPIKey ] contains comment based help" time="0.0028" asserts="0" success="True" result="Success" executed="True" />
                      <test-case description="[ Get-DattoAPIKey ] contains a synopsis" name="Testing the [ built ] version of [ DattoAPI ] with [ HelpComment.Tests.ps1 ].[ DattoAPI ] module help tests.[ Get-DattoAPIKey ].[ Get-DattoAPIKey ] contains a synopsis" time="0.0019" asserts="0" success="True" result="Success" executed="True" />
                      <test-case description="[ Get-DattoAPIKey ] contains a description" name="Testing the [ built ] version of [ DattoAPI ] with [ HelpComment.Tests.ps1 ].[ DattoAPI ] module help tests.[ Get-DattoAPIKey ].[ Get-DattoAPIKey ] contains a description" time="0.0025" asserts="0" success="True" result="Success" executed="True" />
                      <test-case description="[ Get-DattoAPIKey ] contains at least one usage example" name="Testing the [ built ] version of [ DattoAPI ] with [ HelpComment.Tests.ps1 ].[ DattoAPI ] module help tests.[ Get-DattoAPIKey ].[ Get-DattoAPIKey ] contains at least one usage example" time="0.0026" asserts="0" success="True" result="Success" executed="True" />
                      <test-case description="[ Get-DattoAPIKey ] contains a note" name="Testing the [ built ] version of [ DattoAPI ] with [ HelpComment.Tests.ps1 ].[ DattoAPI ] module help tests.[ Get-DattoAPIKey ].[ Get-DattoAPIKey ] contains a note" time="0.0018" asserts="0" success="True" result="Success" executed="True" />
                      <test-case description="[ Get-DattoAPIKey ] contains a link" name="Testing the [ built ] version of [ DattoAPI ] with [ HelpComment.Tests.ps1 ].[ DattoAPI ] module help tests.[ Get-DattoAPIKey ].[ Get-DattoAPIKey ] contains a link" time="0.0024" asserts="0" success="True" result="Success" executed="True" />
                      <test-suite type="ParameterizedTest" name="Testing the [ built ] version of [ DattoAPI ] with [ HelpComment.Tests.ps1 ].[ DattoAPI ] module help tests.[ Get-DattoAPIKey ].[ Get-DattoAPIKey ] - Parameter has a description - [ &lt;_.name&gt; ]" executed="True" result="Success" success="True" time="0.0079" asserts="0" description="[ Get-DattoAPIKey ] - Parameter has a description - [ &lt;_.name&gt; ]">
                        <results>
                          <test-case description="[ Get-DattoAPIKey ] - Parameter has a description - [ plainText ]" name="Testing the [ built ] version of [ DattoAPI ] with [ HelpComment.Tests.ps1 ].[ DattoAPI ] module help tests.[ Get-DattoAPIKey ].[ Get-DattoAPIKey ] - Parameter has a description - [ plainText ]" time="0.0079" asserts="0" success="True" result="Success" executed="True" />
                        </results>
                      </test-suite>
                      <test-suite type="ParameterizedTest" name="Testing the [ built ] version of [ DattoAPI ] with [ HelpComment.Tests.ps1 ].[ DattoAPI ] module help tests.[ Get-DattoAPIKey ].[ Get-DattoAPIKey ] - Example has example code &amp; description   - [ &lt;_.title -replace '-'.''&gt; ]" executed="True" result="Success" success="True" time="0.0076" asserts="0" description="[ Get-DattoAPIKey ] - Example has example code &amp; description   - [ &lt;_.title -replace '-'.''&gt; ]">
                        <results>
                          <test-case description="[ Get-DattoAPIKey ] - Example has example code &amp; description   - [  EXAMPLE 1  ]" name="Testing the [ built ] version of [ DattoAPI ] with [ HelpComment.Tests.ps1 ].[ DattoAPI ] module help tests.[ Get-DattoAPIKey ].[ Get-DattoAPIKey ] - Example has example code &amp; description   - [  EXAMPLE 1  ]" time="0.0036" asserts="0" success="True" result="Success" executed="True" />
                          <test-case description="[ Get-DattoAPIKey ] - Example has example code &amp; description   - [  EXAMPLE 2  ]" name="Testing the [ built ] version of [ DattoAPI ] with [ HelpComment.Tests.ps1 ].[ DattoAPI ] module help tests.[ Get-DattoAPIKey ].[ Get-DattoAPIKey ] - Example has example code &amp; description   - [  EXAMPLE 2  ]" time="0.004" asserts="0" success="True" result="Success" executed="True" />
                        </results>
                      </test-suite>
                    </results>
                  </test-suite>
                </results>
              </test-suite>
              <test-suite type="TestFixture" name="Testing the [ built ] version of [ DattoAPI ] with [ HelpComment.Tests.ps1 ].[ DattoAPI ] module help tests" executed="True" result="Success" success="True" time="0.4298" asserts="0" description="Testing the [ built ] version of [ DattoAPI ] with [ HelpComment.Tests.ps1 ].[ DattoAPI ] module help tests">
                <results>
                  <test-suite type="TestFixture" name="Testing the [ built ] version of [ DattoAPI ] with [ HelpComment.Tests.ps1 ].[ DattoAPI ] module help tests.[ Get-DattoAPISpec ]" executed="True" result="Success" success="True" time="0.031" asserts="0" description="Testing the [ built ] version of [ DattoAPI ] with [ HelpComment.Tests.ps1 ].[ DattoAPI ] module help tests.[ Get-DattoAPISpec ]">
                    <results>
                      <test-case description="[ Get-DattoAPISpec ] contains comment based help" name="Testing the [ built ] version of [ DattoAPI ] with [ HelpComment.Tests.ps1 ].[ DattoAPI ] module help tests.[ Get-DattoAPISpec ].[ Get-DattoAPISpec ] contains comment based help" time="0.0017" asserts="0" success="True" result="Success" executed="True" />
                      <test-case description="[ Get-DattoAPISpec ] contains a synopsis" name="Testing the [ built ] version of [ DattoAPI ] with [ HelpComment.Tests.ps1 ].[ DattoAPI ] module help tests.[ Get-DattoAPISpec ].[ Get-DattoAPISpec ] contains a synopsis" time="0.0014" asserts="0" success="True" result="Success" executed="True" />
                      <test-case description="[ Get-DattoAPISpec ] contains a description" name="Testing the [ built ] version of [ DattoAPI ] with [ HelpComment.Tests.ps1 ].[ DattoAPI ] module help tests.[ Get-DattoAPISpec ].[ Get-DattoAPISpec ] contains a description" time="0.0015" asserts="0" success="True" result="Success" executed="True" />
                      <test-case description="[ Get-DattoAPISpec ] contains at least one usage example" name="Testing the [ built ] version of [ DattoAPI ] with [ HelpComment.Tests.ps1 ].[ DattoAPI ] module help tests.[ Get-DattoAPISpec ].[ Get-DattoAPISpec ] contains at least one usage example" time="0.0018" asserts="0" success="True" result="Success" executed="True" />
                      <test-case description="[ Get-DattoAPISpec ] contains a note" name="Testing the [ built ] version of [ DattoAPI ] with [ HelpComment.Tests.ps1 ].[ DattoAPI ] module help tests.[ Get-DattoAPISpec ].[ Get-DattoAPISpec ] contains a note" time="0.0016" asserts="0" success="True" result="Success" executed="True" />
                      <test-case description="[ Get-DattoAPISpec ] contains a link" name="Testing the [ built ] version of [ DattoAPI ] with [ HelpComment.Tests.ps1 ].[ DattoAPI ] module help tests.[ Get-DattoAPISpec ].[ Get-DattoAPISpec ] contains a link" time="0.0084" asserts="0" success="True" result="Success" executed="True" />
                      <test-suite type="ParameterizedTest" name="Testing the [ built ] version of [ DattoAPI ] with [ HelpComment.Tests.ps1 ].[ DattoAPI ] module help tests.[ Get-DattoAPISpec ].[ Get-DattoAPISpec ] - Parameter has a description - [ &lt;_.name&gt; ]" executed="True" result="Success" success="True" time="0.0027" asserts="0" description="[ Get-DattoAPISpec ] - Parameter has a description - [ &lt;_.name&gt; ]">
                        <results>
                          <test-case description="[ Get-DattoAPISpec ] - Parameter has a description - [ raw ]" name="Testing the [ built ] version of [ DattoAPI ] with [ HelpComment.Tests.ps1 ].[ DattoAPI ] module help tests.[ Get-DattoAPISpec ].[ Get-DattoAPISpec ] - Parameter has a description - [ raw ]" time="0.0027" asserts="0" success="True" result="Success" executed="True" />
                        </results>
                      </test-suite>
                      <test-suite type="ParameterizedTest" name="Testing the [ built ] version of [ DattoAPI ] with [ HelpComment.Tests.ps1 ].[ DattoAPI ] module help tests.[ Get-DattoAPISpec ].[ Get-DattoAPISpec ] - Example has example code &amp; description   - [ &lt;_.title -replace '-'.''&gt; ]" executed="True" result="Success" success="True" time="0.0066" asserts="0" description="[ Get-DattoAPISpec ] - Example has example code &amp; description   - [ &lt;_.title -replace '-'.''&gt; ]">
                        <results>
                          <test-case description="[ Get-DattoAPISpec ] - Example has example code &amp; description   - [  EXAMPLE 1  ]" name="Testing the [ built ] version of [ DattoAPI ] with [ HelpComment.Tests.ps1 ].[ DattoAPI ] module help tests.[ Get-DattoAPISpec ].[ Get-DattoAPISpec ] - Example has example code &amp; description   - [  EXAMPLE 1  ]" time="0.0033" asserts="0" success="True" result="Success" executed="True" />
                          <test-case description="[ Get-DattoAPISpec ] - Example has example code &amp; description   - [  EXAMPLE 2  ]" name="Testing the [ built ] version of [ DattoAPI ] with [ HelpComment.Tests.ps1 ].[ DattoAPI ] module help tests.[ Get-DattoAPISpec ].[ Get-DattoAPISpec ] - Example has example code &amp; description   - [  EXAMPLE 2  ]" time="0.0033" asserts="0" success="True" result="Success" executed="True" />
                        </results>
                      </test-suite>
                    </results>
                  </test-suite>
                </results>
              </test-suite>
              <test-suite type="TestFixture" name="Testing the [ built ] version of [ DattoAPI ] with [ HelpComment.Tests.ps1 ].[ DattoAPI ] module help tests" executed="True" result="Success" success="True" time="0.4663" asserts="0" description="Testing the [ built ] version of [ DattoAPI ] with [ HelpComment.Tests.ps1 ].[ DattoAPI ] module help tests">
                <results>
                  <test-suite type="TestFixture" name="Testing the [ built ] version of [ DattoAPI ] with [ HelpComment.Tests.ps1 ].[ DattoAPI ] module help tests.[ Get-DattoApplication ]" executed="True" result="Success" success="True" time="0.0317" asserts="0" description="Testing the [ built ] version of [ DattoAPI ] with [ HelpComment.Tests.ps1 ].[ DattoAPI ] module help tests.[ Get-DattoApplication ]">
                    <results>
                      <test-case description="[ Get-DattoApplication ] contains comment based help" name="Testing the [ built ] version of [ DattoAPI ] with [ HelpComment.Tests.ps1 ].[ DattoAPI ] module help tests.[ Get-DattoApplication ].[ Get-DattoApplication ] contains comment based help" time="0.0026" asserts="0" success="True" result="Success" executed="True" />
                      <test-case description="[ Get-DattoApplication ] contains a synopsis" name="Testing the [ built ] version of [ DattoAPI ] with [ HelpComment.Tests.ps1 ].[ DattoAPI ] module help tests.[ Get-DattoApplication ].[ Get-DattoApplication ] contains a synopsis" time="0.0035" asserts="0" success="True" result="Success" executed="True" />
                      <test-case description="[ Get-DattoApplication ] contains a description" name="Testing the [ built ] version of [ DattoAPI ] with [ HelpComment.Tests.ps1 ].[ DattoAPI ] module help tests.[ Get-DattoApplication ].[ Get-DattoApplication ] contains a description" time="0.0027" asserts="0" success="True" result="Success" executed="True" />
                      <test-case description="[ Get-DattoApplication ] contains at least one usage example" name="Testing the [ built ] version of [ DattoAPI ] with [ HelpComment.Tests.ps1 ].[ DattoAPI ] module help tests.[ Get-DattoApplication ].[ Get-DattoApplication ] contains at least one usage example" time="0.0034" asserts="0" success="True" result="Success" executed="True" />
                      <test-case description="[ Get-DattoApplication ] contains a note" name="Testing the [ built ] version of [ DattoAPI ] with [ HelpComment.Tests.ps1 ].[ DattoAPI ] module help tests.[ Get-DattoApplication ].[ Get-DattoApplication ] contains a note" time="0.0054" asserts="0" success="True" result="Success" executed="True" />
                      <test-case description="[ Get-DattoApplication ] contains a link" name="Testing the [ built ] version of [ DattoAPI ] with [ HelpComment.Tests.ps1 ].[ DattoAPI ] module help tests.[ Get-DattoApplication ].[ Get-DattoApplication ] contains a link" time="0.0023" asserts="0" success="True" result="Success" executed="True" />
                      <test-suite type="ParameterizedTest" name="Testing the [ built ] version of [ DattoAPI ] with [ HelpComment.Tests.ps1 ].[ DattoAPI ] module help tests.[ Get-DattoApplication ].[ Get-DattoApplication ] - Parameter has a description - [ &lt;_.name&gt; ]" executed="True" result="Success" success="True" time="0.0031" asserts="0" description="[ Get-DattoApplication ] - Parameter has a description - [ &lt;_.name&gt; ]">
                        <results>
                          <test-case description="[ Get-DattoApplication ] - Parameter has a description - [ saasCustomerId ]" name="Testing the [ built ] version of [ DattoAPI ] with [ HelpComment.Tests.ps1 ].[ DattoAPI ] module help tests.[ Get-DattoApplication ].[ Get-DattoApplication ] - Parameter has a description - [ saasCustomerId ]" time="0.0016" asserts="0" success="True" result="Success" executed="True" />
                          <test-case description="[ Get-DattoApplication ] - Parameter has a description - [ daysUntil ]" name="Testing the [ built ] version of [ DattoAPI ] with [ HelpComment.Tests.ps1 ].[ DattoAPI ] module help tests.[ Get-DattoApplication ].[ Get-DattoApplication ] - Parameter has a description - [ daysUntil ]" time="0.0015" asserts="0" success="True" result="Success" executed="True" />
                        </results>
                      </test-suite>
                      <test-suite type="ParameterizedTest" name="Testing the [ built ] version of [ DattoAPI ] with [ HelpComment.Tests.ps1 ].[ DattoAPI ] module help tests.[ Get-DattoApplication ].[ Get-DattoApplication ] - Example has example code &amp; description   - [ &lt;_.title -replace '-'.''&gt; ]" executed="True" result="Success" success="True" time="0.0036" asserts="0" description="[ Get-DattoApplication ] - Example has example code &amp; description   - [ &lt;_.title -replace '-'.''&gt; ]">
                        <results>
                          <test-case description="[ Get-DattoApplication ] - Example has example code &amp; description   - [  EXAMPLE 1  ]" name="Testing the [ built ] version of [ DattoAPI ] with [ HelpComment.Tests.ps1 ].[ DattoAPI ] module help tests.[ Get-DattoApplication ].[ Get-DattoApplication ] - Example has example code &amp; description   - [  EXAMPLE 1  ]" time="0.0018" asserts="0" success="True" result="Success" executed="True" />
                          <test-case description="[ Get-DattoApplication ] - Example has example code &amp; description   - [  EXAMPLE 2  ]" name="Testing the [ built ] version of [ DattoAPI ] with [ HelpComment.Tests.ps1 ].[ DattoAPI ] module help tests.[ Get-DattoApplication ].[ Get-DattoApplication ] - Example has example code &amp; description   - [  EXAMPLE 2  ]" time="0.0018" asserts="0" success="True" result="Success" executed="True" />
                        </results>
                      </test-suite>
                    </results>
                  </test-suite>
                </results>
              </test-suite>
              <test-suite type="TestFixture" name="Testing the [ built ] version of [ DattoAPI ] with [ HelpComment.Tests.ps1 ].[ DattoAPI ] module help tests" executed="True" result="Success" success="True" time="0.5031" asserts="0" description="Testing the [ built ] version of [ DattoAPI ] with [ HelpComment.Tests.ps1 ].[ DattoAPI ] module help tests">
                <results>
                  <test-suite type="TestFixture" name="Testing the [ built ] version of [ DattoAPI ] with [ HelpComment.Tests.ps1 ].[ DattoAPI ] module help tests.[ Get-DattoAsset ]" executed="True" result="Success" success="True" time="0.0321" asserts="0" description="Testing the [ built ] version of [ DattoAPI ] with [ HelpComment.Tests.ps1 ].[ DattoAPI ] module help tests.[ Get-DattoAsset ]">
                    <results>
                      <test-case description="[ Get-DattoAsset ] contains comment based help" name="Testing the [ built ] version of [ DattoAPI ] with [ HelpComment.Tests.ps1 ].[ DattoAPI ] module help tests.[ Get-DattoAsset ].[ Get-DattoAsset ] contains comment based help" time="0.0016" asserts="0" success="True" result="Success" executed="True" />
                      <test-case description="[ Get-DattoAsset ] contains a synopsis" name="Testing the [ built ] version of [ DattoAPI ] with [ HelpComment.Tests.ps1 ].[ DattoAPI ] module help tests.[ Get-DattoAsset ].[ Get-DattoAsset ] contains a synopsis" time="0.0014" asserts="0" success="True" result="Success" executed="True" />
                      <test-case description="[ Get-DattoAsset ] contains a description" name="Testing the [ built ] version of [ DattoAPI ] with [ HelpComment.Tests.ps1 ].[ DattoAPI ] module help tests.[ Get-DattoAsset ].[ Get-DattoAsset ] contains a description" time="0.0012" asserts="0" success="True" result="Success" executed="True" />
                      <test-case description="[ Get-DattoAsset ] contains at least one usage example" name="Testing the [ built ] version of [ DattoAPI ] with [ HelpComment.Tests.ps1 ].[ DattoAPI ] module help tests.[ Get-DattoAsset ].[ Get-DattoAsset ] contains at least one usage example" time="0.0056" asserts="0" success="True" result="Success" executed="True" />
                      <test-case description="[ Get-DattoAsset ] contains a note" name="Testing the [ built ] version of [ DattoAPI ] with [ HelpComment.Tests.ps1 ].[ DattoAPI ] module help tests.[ Get-DattoAsset ].[ Get-DattoAsset ] contains a note" time="0.0013" asserts="0" success="True" result="Success" executed="True" />
                      <test-case description="[ Get-DattoAsset ] contains a link" name="Testing the [ built ] version of [ DattoAPI ] with [ HelpComment.Tests.ps1 ].[ DattoAPI ] module help tests.[ Get-DattoAsset ].[ Get-DattoAsset ] contains a link" time="0.0013" asserts="0" success="True" result="Success" executed="True" />
                      <test-suite type="ParameterizedTest" name="Testing the [ built ] version of [ DattoAPI ] with [ HelpComment.Tests.ps1 ].[ DattoAPI ] module help tests.[ Get-DattoAsset ].[ Get-DattoAsset ] - Parameter has a description - [ &lt;_.name&gt; ]" executed="True" result="Success" success="True" time="0.009" asserts="0" description="[ Get-DattoAsset ] - Parameter has a description - [ &lt;_.name&gt; ]">
                        <results>
                          <test-case description="[ Get-DattoAsset ] - Parameter has a description - [ serialNumber ]" name="Testing the [ built ] version of [ DattoAPI ] with [ HelpComment.Tests.ps1 ].[ DattoAPI ] module help tests.[ Get-DattoAsset ].[ Get-DattoAsset ] - Parameter has a description - [ serialNumber ]" time="0.002" asserts="0" success="True" result="Success" executed="True" />
                          <test-case description="[ Get-DattoAsset ] - Parameter has a description - [ page ]" name="Testing the [ built ] version of [ DattoAPI ] with [ HelpComment.Tests.ps1 ].[ DattoAPI ] module help tests.[ Get-DattoAsset ].[ Get-DattoAsset ] - Parameter has a description - [ page ]" time="0.0023" asserts="0" success="True" result="Success" executed="True" />
                          <test-case description="[ Get-DattoAsset ] - Parameter has a description - [ perPage ]" name="Testing the [ built ] version of [ DattoAPI ] with [ HelpComment.Tests.ps1 ].[ DattoAPI ] module help tests.[ Get-DattoAsset ].[ Get-DattoAsset ] - Parameter has a description - [ perPage ]" time="0.0024" asserts="0" success="True" result="Success" executed="True" />
[...]
                <results>
                  <test-case description="[ Add-DattoBaseURI ] should have an alias of [ Set-DattoBaseURI ]" name="Testing [ Add-DattoBaseURI ] functions with [ Add-DattoBaseURI.Tests.ps1 ].[ Add-DattoBaseURI ] testing functions.[ Add-DattoBaseURI ] should have an alias of [ Set-DattoBaseURI ]" time="0.0026" asserts="0" success="True" result="Success" executed="True" />
                  <test-case description="Without parameters should return the default URI" name="Testing [ Add-DattoBaseURI ] functions with [ Add-DattoBaseURI.Tests.ps1 ].[ Add-DattoBaseURI ] testing functions.Without parameters should return the default URI" time="0.0038" asserts="0" success="True" result="Success" executed="True" />
                  <test-case description="Should accept a value from the pipeline" name="Testing [ Add-DattoBaseURI ] functions with [ Add-DattoBaseURI.Tests.ps1 ].[ Add-DattoBaseURI ] testing functions.Should accept a value from the pipeline" time="0.0026" asserts="0" success="True" result="Success" executed="True" />
                  <test-case description="With parameter -base_uri  should return what was inputted" name="Testing [ Add-DattoBaseURI ] functions with [ Add-DattoBaseURI.Tests.ps1 ].[ Add-DattoBaseURI ] testing functions.With parameter -base_uri  should return what was inputted" time="0.0022" asserts="0" success="True" result="Success" executed="True" />
                  <test-case description="With parameter -data_center US should return the default URI" name="Testing [ Add-DattoBaseURI ] functions with [ Add-DattoBaseURI.Tests.ps1 ].[ Add-DattoBaseURI ] testing functions.With parameter -data_center US should return the default URI" time="0.002" asserts="0" success="True" result="Success" executed="True" />
                  <test-case description="With invalid parameter value -data_center Space should return an error" name="Testing [ Add-DattoBaseURI ] functions with [ Add-DattoBaseURI.Tests.ps1 ].[ Add-DattoBaseURI ] testing functions.With invalid parameter value -data_center Space should return an error" time="0.0024" asserts="0" success="True" result="Success" executed="True" />
                  <test-case description="The default URI should NOT contain a trailing forward slash" name="Testing [ Add-DattoBaseURI ] functions with [ Add-DattoBaseURI.Tests.ps1 ].[ Add-DattoBaseURI ] testing functions.The default URI should NOT contain a trailing forward slash" time="0.0021" asserts="0" success="True" result="Success" executed="True" />
                  <test-case description="A custom URI should NOT contain a trailing forward slash" name="Testing [ Add-DattoBaseURI ] functions with [ Add-DattoBaseURI.Tests.ps1 ].[ Add-DattoBaseURI ] testing functions.A custom URI should NOT contain a trailing forward slash" time="0.0082" asserts="0" success="True" result="Success" executed="True" />
                </results>
              </test-suite>
            </results>
          </test-suite>
        </results>
      </test-suite>
      <test-suite type="TestFixture" name="C:\Users\christopher.sapp\OneDrive - Kaseya\Documents\GitHub\Datto-PowerShellWrapper\tests\Private\baseUri\Get-DattoBaseURI.Tests.ps1" executed="True" result="Success" success="True" time="0.6196" asserts="0" description="C:\Users\christopher.sapp\OneDrive - Kaseya\Documents\GitHub\Datto-PowerShellWrapper\tests\Private\baseUri\Get-DattoBaseURI.Tests.ps1">
        <results>
          <test-suite type="TestFixture" name="Testing [ Get-DattoBaseURI ] function with [ Get-DattoBaseURI.Tests.ps1 ]" executed="True" result="Success" success="True" time="0.0302" asserts="0" description="Testing [ Get-DattoBaseURI ] function with [ Get-DattoBaseURI.Tests.ps1 ]">
            <results>
              <test-suite type="TestFixture" name="Testing [ Get-DattoBaseURI ] function with [ Get-DattoBaseURI.Tests.ps1 ].[ Get-DattoBaseURI ] testing function" executed="True" result="Success" success="True" time="0.0257" asserts="0" description="Testing [ Get-DattoBaseURI ] function with [ Get-DattoBaseURI.Tests.ps1 ].[ Get-DattoBaseURI ] testing function">
                <results>
                  <test-case description="The default URI should be returned" name="Testing [ Get-DattoBaseURI ] function with [ Get-DattoBaseURI.Tests.ps1 ].[ Get-DattoBaseURI ] testing function.The default URI should be returned" time="0.0093" asserts="0" success="True" result="Success" executed="True" />
                  <test-case description="The URI should be a string" name="Testing [ Get-DattoBaseURI ] function with [ Get-DattoBaseURI.Tests.ps1 ].[ Get-DattoBaseURI ] testing function.The URI should be a string" time="0.0035" asserts="0" success="True" result="Success" executed="True" />
                  <test-case description="The default URI should NOT contain a trailing forward slash" name="Testing [ Get-DattoBaseURI ] function with [ Get-DattoBaseURI.Tests.ps1 ].[ Get-DattoBaseURI ] testing function.The default URI should NOT contain a trailing forward slash" time="0.0029" asserts="0" success="True" result="Success" executed="True" />
                  <test-case description="A custom URI should NOT contain a trailing forward slash" name="Testing [ Get-DattoBaseURI ] function with [ Get-DattoBaseURI.Tests.ps1 ].[ Get-DattoBaseURI ] testing function.A custom URI should NOT contain a trailing forward slash" time="0.0027" asserts="0" success="True" result="Success" executed="True" />
                  <test-case description="If the baseUri is not set a warning should be thrown" name="Testing [ Get-DattoBaseURI ] function with [ Get-DattoBaseURI.Tests.ps1 ].[ Get-DattoBaseURI ] testing function.If the baseUri is not set a warning should be thrown" time="0.0021" asserts="0" success="True" result="Success" executed="True" />
                </results>
              </test-suite>
            </results>
          </test-suite>
        </results>
      </test-suite>
      <test-suite type="TestFixture" name="C:\Users\christopher.sapp\OneDrive - Kaseya\Documents\GitHub\Datto-PowerShellWrapper\tests\Private\baseUri\Remove-DattoBaseURI.Tests.ps1" executed="True" result="Success" success="True" time="0.6998" asserts="0" description="C:\Users\christopher.sapp\OneDrive - Kaseya\Documents\GitHub\Datto-PowerShellWrapper\tests\Private\baseUri\Remove-DattoBaseURI.Tests.ps1">
        <results>
          <test-suite type="TestFixture" name="Testing [ Remove-DattoBaseURI ] function with [ Remove-DattoBaseURI.Tests.ps1 ]" executed="True" result="Success" success="True" time="0.0194" asserts="0" description="Testing [ Remove-DattoBaseURI ] function with [ Remove-DattoBaseURI.Tests.ps1 ]">
            <results>
              <test-suite type="TestFixture" name="Testing [ Remove-DattoBaseURI ] function with [ Remove-DattoBaseURI.Tests.ps1 ].[ Remove-DattoBaseURI ] testing function" executed="True" result="Success" success="True" time="0.0128" asserts="0" description="Testing [ Remove-DattoBaseURI ] function with [ Remove-DattoBaseURI.Tests.ps1 ].[ Remove-DattoBaseURI ] testing function">
                <results>
                  <test-case description="The baseUri variable should not longer exist" name="Testing [ Remove-DattoBaseURI ] function with [ Remove-DattoBaseURI.Tests.ps1 ].[ Remove-DattoBaseURI ] testing function.The baseUri variable should not longer exist" time="0.0038" asserts="0" success="True" result="Success" executed="True" />
                  <test-case description="If the baseUri is already gone a warning should be thrown" name="Testing [ Remove-DattoBaseURI ] function with [ Remove-DattoBaseURI.Tests.ps1 ].[ Remove-DattoBaseURI ] testing function.If the baseUri is already gone a warning should be thrown" time="0.0033" asserts="0" success="True" result="Success" executed="True" />
                </results>
              </test-suite>
            </results>
          </test-suite>
        </results>
      </test-suite>
      <test-suite type="TestFixture" name="C:\Users\christopher.sapp\OneDrive - Kaseya\Documents\GitHub\Datto-PowerShellWrapper\tests\Private\moduleSettings\Export-DattoModuleSettings.Tests.ps1" executed="True" result="Success" success="True" time="0.8395" asserts="0" description="C:\Users\christopher.sapp\OneDrive - Kaseya\Documents\GitHub\Datto-PowerShellWrapper\tests\Private\moduleSettings\Export-DattoModuleSettings.Tests.ps1">
        <results>
          <test-suite type="TestFixture" name="Testing [ Export-DattoModuleSettings ] function with [ Export-DattoModuleSettings.Tests.ps1 ]" executed="True" result="Success" success="True" time="0.151" asserts="0" description="Testing [ Export-DattoModuleSettings ] function with [ Export-DattoModuleSettings.Tests.ps1 ]">
            <results>
              <test-suite type="TestFixture" name="Testing [ Export-DattoModuleSettings ] function with [ Export-DattoModuleSettings.Tests.ps1 ].[ Export-DattoModuleSettings ] testing function" executed="True" result="Success" success="True" time="0.1451" asserts="0" description="Testing [ Export-DattoModuleSettings ] function with [ Export-DattoModuleSettings.Tests.ps1 ].[ Export-DattoModuleSettings ] testing function">
                <results>
                  <test-case description="Should export successfully" name="Testing [ Export-DattoModuleSettings ] function with [ Export-DattoModuleSettings.Tests.ps1 ].[ Export-DattoModuleSettings ] testing function.Should export successfully" time="0.0101" asserts="0" success="True" result="Success" executed="True" />
                  <test-case description="Configuration directory should be hidden" name="Testing [ Export-DattoModuleSettings ] function with [ Export-DattoModuleSettings.Tests.ps1 ].[ Export-DattoModuleSettings ] testing function.Configuration directory should be hidden" time="0.0241" asserts="0" success="True" result="Success" executed="True" />
                  <test-case description="Configuration file should contain required values" name="Testing [ Export-DattoModuleSettings ] function with [ Export-DattoModuleSettings.Tests.ps1 ].[ Export-DattoModuleSettings ] testing function.Configuration file should contain required values" time="0.1038" asserts="0" success="True" result="Success" executed="True" />
                </results>
              </test-suite>
            </results>
          </test-suite>
        </results>
      </test-suite>
      <test-suite type="TestFixture" name="C:\Users\christopher.sapp\OneDrive - Kaseya\Documents\GitHub\Datto-PowerShellWrapper\tests\Private\moduleSettings\Get-DattoModuleSettings.Tests.ps1" executed="True" result="Success" success="True" time="0.773" asserts="0" description="C:\Users\christopher.sapp\OneDrive - Kaseya\Documents\GitHub\Datto-PowerShellWrapper\tests\Private\moduleSettings\Get-DattoModuleSettings.Tests.ps1">
        <results>
          <test-suite type="TestFixture" name="Testing [ Get-DattoModuleSettings ] function with [ Get-DattoModuleSettings.Tests.ps1 ]" executed="True" result="Success" success="True" time="0.1326" asserts="0" description="Testing [ Get-DattoModuleSettings ] function with [ Get-DattoModuleSettings.Tests.ps1 ]">
            <results>
              <test-suite type="TestFixture" name="Testing [ Get-DattoModuleSettings ] function with [ Get-DattoModuleSettings.Tests.ps1 ].[ Get-DattoModuleSettings ] testing function" executed="True" result="Success" success="True" time="0.1236" asserts="0" description="Testing [ Get-DattoModuleSettings ] function with [ Get-DattoModuleSettings.Tests.ps1 ].[ Get-DattoModuleSettings ] testing function">
                <results>
                  <test-case description="Configuration directory should be hidden" name="Testing [ Get-DattoModuleSettings ] function with [ Get-DattoModuleSettings.Tests.ps1 ].[ Get-DattoModuleSettings ] testing function.Configuration directory should be hidden" time="0.0092" asserts="0" success="True" result="Success" executed="True" />
                  <test-case description="Configuration file should contain required values" name="Testing [ Get-DattoModuleSettings ] function with [ Get-DattoModuleSettings.Tests.ps1 ].[ Get-DattoModuleSettings ] testing function.Configuration file should contain required values" time="0.1065" asserts="0" success="True" result="Success" executed="True" />
                </results>
              </test-suite>
            </results>
          </test-suite>
        </results>
      </test-suite>
      <test-suite type="TestFixture" name="C:\Users\christopher.sapp\OneDrive - Kaseya\Documents\GitHub\Datto-PowerShellWrapper\tests\Private\moduleSettings\Import-DattoModuleSettings.Tests.ps1" executed="True" result="Success" success="True" time="0.8695" asserts="0" description="C:\Users\christopher.sapp\OneDrive - Kaseya\Documents\GitHub\Datto-PowerShellWrapper\tests\Private\moduleSettings\Import-DattoModuleSettings.Tests.ps1">
        <results>
          <test-suite type="TestFixture" name="Testing [ Import-DattoModuleSettings ] function with [ Import-DattoModuleSettings.Tests.ps1 ]" executed="True" result="Success" success="True" time="0.2021" asserts="0" description="Testing [ Import-DattoModuleSettings ] function with [ Import-DattoModuleSettings.Tests.ps1 ]">
            <results>
              <test-suite type="TestFixture" name="Testing [ Import-DattoModuleSettings ] function with [ Import-DattoModuleSettings.Tests.ps1 ].[ Import-DattoModuleSettings ] testing function" executed="True" result="Success" success="True" time="0.1963" asserts="0" description="Testing [ Import-DattoModuleSettings ] function with [ Import-DattoModuleSettings.Tests.ps1 ].[ Import-DattoModuleSettings ] testing function">
                <results>
                  <test-case description="No configuration should populate baseline variables" name="Testing [ Import-DattoModuleSettings ] function with [ Import-DattoModuleSettings.Tests.ps1 ].[ Import-DattoModuleSettings ] testing function.No configuration should populate baseline variables" time="0.0069" asserts="0" success="True" result="Success" executed="True" />
                  <test-case description="Saved configuration session should contain required variables" name="Testing [ Import-DattoModuleSettings ] function with [ Import-DattoModuleSettings.Tests.ps1 ].[ Import-DattoModuleSettings ] testing function.Saved configuration session should contain required variables" time="0.0976" asserts="0" success="True" result="Success" executed="True" />
                  <test-case description="Saved configuration session should NOT contain temp variables" name="Testing [ Import-DattoModuleSettings ] function with [ Import-DattoModuleSettings.Tests.ps1 ].[ Import-DattoModuleSettings ] testing function.Saved configuration session should NOT contain temp variables" time="0.0857" asserts="0" success="True" result="Success" executed="True" />
                </results>
              </test-suite>
            </results>
          </test-suite>
        </results>
      </test-suite>
      <test-suite type="TestFixture" name="C:\Users\christopher.sapp\OneDrive - Kaseya\Documents\GitHub\Datto-PowerShellWrapper\tests\Private\moduleSettings\Initialize-DattoModuleSettings.Tests.ps1" executed="True" result="Success" success="True" time="1.1388" asserts="0" description="C:\Users\christopher.sapp\OneDrive - Kaseya\Documents\GitHub\Datto-PowerShellWrapper\tests\Private\moduleSettings\Initialize-DattoModuleSettings.Tests.ps1">
        <results>
          <test-suite type="TestFixture" name="Testing [ Initialize-DattoModuleSettings ] function with [ Initialize-DattoModuleSettings.Tests.ps1 ]" executed="True" result="Success" success="True" time="0.5136" asserts="0" description="Testing [ Initialize-DattoModuleSettings ] function with [ Initialize-DattoModuleSettings.Tests.ps1 ]">
            <results>
              <test-suite type="TestFixture" name="Testing [ Initialize-DattoModuleSettings ] function with [ Initialize-DattoModuleSettings.Tests.ps1 ].[ Initialize-DattoModuleSettings ] testing function" executed="True" result="Success" success="True" time="0.4924" asserts="0" description="Testing [ Initialize-DattoModuleSettings ] function with [ Initialize-DattoModuleSettings.Tests.ps1 ].[ Initialize-DattoModuleSettings ] testing function">
                <results>
                  <test-case description="When imported WITHOUT a saved configuration baseline variables should exist" name="Testing [ Initialize-DattoModuleSettings ] function with [ Initialize-DattoModuleSettings.Tests.ps1 ].[ Initialize-DattoModuleSettings ] testing function.When imported WITHOUT a saved configuration baseline variables should exist" time="0.1586" asserts="0" success="True" result="Success" executed="True" />
                  <test-case description="When imported WITh a saved configuration baseline variables should exist" name="Testing [ Initialize-DattoModuleSettings ] function with [ Initialize-DattoModuleSettings.Tests.ps1 ].[ Initialize-DattoModuleSettings ] testing function.When imported WITh a saved configuration baseline variables should exist" time="0.3286" asserts="0" success="True" result="Success" executed="True" />
                </results>
              </test-suite>
            </results>
          </test-suite>
        </results>
      </test-suite>
      <test-suite type="TestFixture" name="C:\Users\christopher.sapp\OneDrive - Kaseya\Documents\GitHub\Datto-PowerShellWrapper\tests\Private\moduleSettings\Remove-DattoModuleSettings.Tests.ps1" executed="True" result="Success" success="True" time="0.7425" asserts="0" description="C:\Users\christopher.sapp\OneDrive - Kaseya\Documents\GitHub\Datto-PowerShellWrapper\tests\Private\moduleSettings\Remove-DattoModuleSettings.Tests.ps1">
        <results>
          <test-suite type="TestFixture" name="Testing [ Remove-DattoModuleSettings ] function with [ Remove-DattoModuleSettings.Tests.ps1 ]" executed="True" result="Success" success="True" time="0.066" asserts="0" description="Testing [ Remove-DattoModuleSettings ] function with [ Remove-DattoModuleSettings.Tests.ps1 ]">
            <results>
              <test-suite type="TestFixture" name="Testing [ Remove-DattoModuleSettings ] function with [ Remove-DattoModuleSettings.Tests.ps1 ].[ Remove-DattoModuleSettings ] testing function" executed="True" result="Success" success="True" time="0.0589" asserts="0" description="Testing [ Remove-DattoModuleSettings ] function with [ Remove-DattoModuleSettings.Tests.ps1 ].[ Remove-DattoModuleSettings ] testing function">
                <results>
                  <test-case description="No configuration should throw a warning" name="Testing [ Remove-DattoModuleSettings ] function with [ Remove-DattoModuleSettings.Tests.ps1 ].[ Remove-DattoModuleSettings ] testing function.No configuration should throw a warning" time="0.0036" asserts="0" success="True" result="Success" executed="True" />
                  <test-case description="Saved configuration should be removed" name="Testing [ Remove-DattoModuleSettings ] function with [ Remove-DattoModuleSettings.Tests.ps1 ].[ Remove-DattoModuleSettings ] testing function.Saved configuration should be removed" time="0.0302" asserts="0" success="True" result="Success" executed="True" />
                  <test-case description="Saved configuration &amp; variables should be removed" name="Testing [ Remove-DattoModuleSettings ] function with [ Remove-DattoModuleSettings.Tests.ps1 ].[ Remove-DattoModuleSettings ] testing function.Saved configuration &amp; variables should be removed" time="0.0181" asserts="0" success="True" result="Success" executed="True" />
                </results>
              </test-suite>
            </results>
          </test-suite>
        </results>
      </test-suite>
    </results>
  </test-suite>
</test-results>